#
# There is insufficient memory for the Java Runtime Environment to continue.
# Native memory allocation (malloc) failed to allocate 1048576 bytes for AllocateHeap
# Possible reasons:
#   The system is out of physical RAM or swap space
#   The process is running with CompressedOops enabled, and the Java Heap may be blocking the growth of the native heap
# Possible solutions:
#   Reduce memory load on the system
#   Increase physical memory or swap space
#   Check if swap backing store is full
#   Decrease Java heap size (-Xmx/-Xms)
#   Decrease number of Java threads
#   Decrease Java thread stack sizes (-Xss)
#   Set larger code cache with -XX:ReservedCodeCacheSize=
#   JVM is running with Unscaled Compressed Oops mode in which the Java heap is
#     placed in the first 4GB address space. The Java Heap base address is the
#     maximum limit for the native heap growth. Please use -XX:HeapBaseMinAddress
#     to set the Java Heap base and to place the Java Heap above 4GB virtual address.
# This output file may be truncated or incomplete.
#
#  Out of Memory Error (./open/src/hotspot/share/memory/allocation.cpp:44), pid=1596, tid=10940
#
# JRE version:  (14.0.2+12) (build )
# Java VM: OpenJDK 64-Bit Server VM (14.0.2+12-46, mixed mode, sharing, tiered, compressed oops, g1 gc, windows-amd64)
# No core dump will be written. Minidumps are not enabled by default on client versions of Windows
#

---------------  S U M M A R Y ------------

Command Line: -Dfile.encoding=Cp1252 -XX:+ShowCodeDetailsInExceptionMessages chandrikarathnakarur_comp228_sec004_ex01.LoanTest

Host: Intel(R) Core(TM) i5-5350U CPU @ 1.80GHz, 4 cores, 7G,  Windows 10 , 64 bit Build 17763 (10.0.17763.475)
Time: Tue Oct 27 19:33:33 2020 Eastern Daylight Time elapsed time: 0 seconds (0d 0h 0m 0s)

---------------  T H R E A D  ---------------

Current thread (0x000001d776ce1000):  JavaThread "Unknown thread" [_thread_in_vm, id=10940, stack(0x000000ce42400000,0x000000ce42500000)]

Stack: [0x000000ce42400000,0x000000ce42500000]
Native frames: (J=compiled Java code, j=interpreted, Vv=VM code, C=native code)
V  [jvm.dll+0x5f8a9a]
V  [jvm.dll+0x74247a]
V  [jvm.dll+0x743c2f]
V  [jvm.dll+0x744273]
V  [jvm.dll+0x20d288]
V  [jvm.dll+0xa2b2f]
V  [jvm.dll+0x29c03d]
V  [jvm.dll+0x71fd38]
V  [jvm.dll+0x321c14]
V  [jvm.dll+0x70112c]
V  [jvm.dll+0x392def]
V  [jvm.dll+0x394e61]
C  [jli.dll+0x524b]
C  [ucrtbase.dll+0x2268a]
C  [KERNEL32.DLL+0x17974]
C  [ntdll.dll+0x6a271]


---------------  P R O C E S S  ---------------

Threads class SMR info:
_java_thread_list=0x00007fff98f23038, length=0, elements={
}

Java Threads: ( => current thread )

Other Threads:

[error occurred during error reporting (printing all threads), id 0xc0000005, EXCEPTION_ACCESS_VIOLATION (0xc0000005) at pc=0x00007fff98ba6427]

VM state:not at safepoint (not fully initialized)

VM Mutex/Monitor currently owned by a thread: None

Heap address: 0x0000000000000000, size: 0 MB, Compressed Oops mode: 32-bit
Narrow klass base: 0x0000000000000000, Narrow klass shift: 0

GC Heap History (0 events):
No events

Deoptimization events (0 events):
No events

Classes unloaded (0 events):
No events

Classes redefined (0 events):
No events

Internal exceptions (0 events):
No events

Events (2 events):
Event: 0.014 Loaded shared library C:\Users\Gouthama\.p2\pool\plugins\org.eclipse.justj.openjdk.hotspot.jre.full.win32.x86_64_14.0.2.v20200815-0932\jre\bin\java.dll
Event: 0.015 Loaded shared library C:\Users\Gouthama\.p2\pool\plugins\org.eclipse.justj.openjdk.hotspot.jre.full.win32.x86_64_14.0.2.v20200815-0932\jre\bin\zip.dll


Dynamic libraries:
0x00007ff63d290000 - 0x00007ff63d29d000 	C:\Users\Gouthama\.p2\pool\plugins\org.eclipse.justj.openjdk.hotspot.jre.full.win32.x86_64_14.0.2.v20200815-0932\jre\bin\javaw.exe
0x00007fffcc2c0000 - 0x00007fffcc4ad000 	C:\Windows\SYSTEM32\ntdll.dll
0x00007fffa6120000 - 0x00007fffa6132000 	C:\Program Files\Avast Software\Avast\aswhook.dll
0x00007fffc94e0000 - 0x00007fffc9593000 	C:\Windows\System32\KERNEL32.DLL
0x00007fffc8370000 - 0x00007fffc8605000 	C:\Windows\System32\KERNELBASE.dll
0x00007fffc9070000 - 0x00007fffc916a000 	C:\Windows\System32\ucrtbase.dll
0x00007fffb5c30000 - 0x00007fffb5c48000 	C:\Users\Gouthama\.p2\pool\plugins\org.eclipse.justj.openjdk.hotspot.jre.full.win32.x86_64_14.0.2.v20200815-0932\jre\bin\jli.dll
0x00007fffcb320000 - 0x00007fffcb4b7000 	C:\Windows\System32\USER32.dll
0x00007fffc8710000 - 0x00007fffc8730000 	C:\Windows\System32\win32u.dll
0x00007fffcb730000 - 0x00007fffcb759000 	C:\Windows\System32\GDI32.dll
0x00007fffc9270000 - 0x00007fffc940c000 	C:\Windows\System32\gdi32full.dll
0x00007fffc8610000 - 0x00007fffc86b0000 	C:\Windows\System32\msvcp_win.dll
0x00007fffb54f0000 - 0x00007fffb5505000 	C:\Users\Gouthama\.p2\pool\plugins\org.eclipse.justj.openjdk.hotspot.jre.full.win32.x86_64_14.0.2.v20200815-0932\jre\bin\VCRUNTIME140.dll
0x00007fffb33e0000 - 0x00007fffb3659000 	C:\Windows\WinSxS\amd64_microsoft.windows.common-controls_6595b64144ccf1df_6.0.17763.1518_none_de6e2bd0534e2567\COMCTL32.dll
0x00007fffcaff0000 - 0x00007fffcb08e000 	C:\Windows\System32\msvcrt.dll
0x00007fffcb760000 - 0x00007fffcba8d000 	C:\Windows\System32\combase.dll
0x00007fffcb4c0000 - 0x00007fffcb5e2000 	C:\Windows\System32\RPCRT4.dll
0x00007fffc9410000 - 0x00007fffc948e000 	C:\Windows\System32\bcryptPrimitives.dll
0x00007fffc95a0000 - 0x00007fffc95ce000 	C:\Windows\System32\IMM32.DLL
0x00007fffa9570000 - 0x00007fffa960b000 	C:\Users\Gouthama\.p2\pool\plugins\org.eclipse.justj.openjdk.hotspot.jre.full.win32.x86_64_14.0.2.v20200815-0932\jre\bin\msvcp140.dll
0x00007fff984a0000 - 0x00007fff98fbe000 	C:\Users\Gouthama\.p2\pool\plugins\org.eclipse.justj.openjdk.hotspot.jre.full.win32.x86_64_14.0.2.v20200815-0932\jre\bin\server\jvm.dll
0x00007fffc98b0000 - 0x00007fffc9953000 	C:\Windows\System32\ADVAPI32.dll
0x00007fffcb280000 - 0x00007fffcb31e000 	C:\Windows\System32\sechost.dll
0x00007fffcb090000 - 0x00007fffcb098000 	C:\Windows\System32\PSAPI.DLL
0x00007fffbb6a0000 - 0x00007fffbb6a9000 	C:\Windows\SYSTEM32\WSOCK32.dll
0x00007fffcb210000 - 0x00007fffcb27d000 	C:\Windows\System32\WS2_32.dll
0x00007fffba010000 - 0x00007fffba034000 	C:\Windows\SYSTEM32\WINMM.dll
0x00007fffc2930000 - 0x00007fffc293a000 	C:\Windows\SYSTEM32\VERSION.dll
0x00007fffb9fe0000 - 0x00007fffba00d000 	C:\Windows\SYSTEM32\WINMMBASE.dll
0x00007fffc9170000 - 0x00007fffc91ba000 	C:\Windows\System32\cfgmgr32.dll
0x00007fffc8350000 - 0x00007fffc8361000 	C:\Windows\System32\kernel.appcore.dll
0x00007fffc3f60000 - 0x00007fffc3f6a000 	C:\Users\Gouthama\.p2\pool\plugins\org.eclipse.justj.openjdk.hotspot.jre.full.win32.x86_64_14.0.2.v20200815-0932\jre\bin\jimage.dll
0x00007fffc0bd0000 - 0x00007fffc0dbd000 	C:\Windows\SYSTEM32\DBGHELP.DLL
0x00007fffc0ba0000 - 0x00007fffc0bca000 	C:\Windows\SYSTEM32\dbgcore.DLL
0x00007fffbfd20000 - 0x00007fffbfd45000 	C:\Users\Gouthama\.p2\pool\plugins\org.eclipse.justj.openjdk.hotspot.jre.full.win32.x86_64_14.0.2.v20200815-0932\jre\bin\java.dll
0x00007fffbdfd0000 - 0x00007fffbdfe6000 	C:\Users\Gouthama\.p2\pool\plugins\org.eclipse.justj.openjdk.hotspot.jre.full.win32.x86_64_14.0.2.v20200815-0932\jre\bin\zip.dll

dbghelp: loaded successfully - version: 4.0.5 - missing functions: none
symbol engine: initialized successfully - sym options: 0x614 - pdb path: .;C:\Users\Gouthama\.p2\pool\plugins\org.eclipse.justj.openjdk.hotspot.jre.full.win32.x86_64_14.0.2.v20200815-0932\jre\bin;C:\Windows\SYSTEM32;C:\Program Files\Avast Software\Avast;C:\Windows\WinSxS\amd64_microsoft.windows.common-controls_6595b64144ccf1df_6.0.17763.1518_none_de6e2bd0534e2567;C:\Users\Gouthama\.p2\pool\plugins\org.eclipse.justj.openjdk.hotspot.jre.full.win32.x86_64_14.0.2.v20200815-0932\jre\bin\server

VM Arguments:
jvm_args: -Dfile.encoding=Cp1252 -XX:+ShowCodeDetailsInExceptionMessages 
java_command: chandrikarathnakarur_comp228_sec004_ex01.LoanTest
java_class_path (initial): D:\COMP228\LabAssignment\ChandrikaRathnKarur_COMP228Sec004_Midterm\ChandrikaRathnaKarur_COMP228Sec004\bin
Launcher Type: SUN_STANDARD

[Global flags]
     intx CICompilerCount                          = 3                                         {product} {ergonomic}
     uint G1ConcRefinementThreads                  = 4                                         {product} {ergonomic}
   size_t G1HeapRegionSize                         = 1048576                                   {product} {ergonomic}
    uintx GCDrainStackTargetSize                   = 64                                        {product} {ergonomic}
   size_t InitialHeapSize                          = 134217728                                 {product} {ergonomic}
   size_t MaxHeapSize                              = 2122317824                                {product} {ergonomic}
   size_t MinHeapDeltaBytes                        = 1048576                                   {product} {ergonomic}
   size_t MinHeapSize                              = 8388608                                   {product} {ergonomic}
    uintx NonNMethodCodeHeapSize                   = 5832780                                {pd product} {ergonomic}
    uintx NonProfiledCodeHeapSize                  = 122912730                              {pd product} {ergonomic}
    uintx ProfiledCodeHeapSize                     = 122912730                              {pd product} {ergonomic}
    uintx ReservedCodeCacheSize                    = 251658240                              {pd product} {ergonomic}
     bool SegmentedCodeCache                       = true                                      {product} {ergonomic}
     bool ShowCodeDetailsInExceptionMessages       = true                                   {manageable} {command line}
   size_t SoftMaxHeapSize                          = 2122317824                             {manageable} {ergonomic}
     bool UseCompressedClassPointers               = true                                 {lp64_product} {ergonomic}
     bool UseCompressedOops                        = true                                 {lp64_product} {ergonomic}
     bool UseG1GC                                  = true                                      {product} {ergonomic}
     bool UseLargePagesIndividualAllocation        = false                                  {pd product} {ergonomic}

Logging:
Log output configuration:
 #0: stdout all=warning uptime,level,tags
 #1: stderr all=off uptime,level,tags

Environment Variables:
PATH=C:/Users/Gouthama/.p2/pool/plugins/org.eclipse.justj.openjdk.hotspot.jre.full.win32.x86_64_14.0.2.v20200815-0932/jre/bin/server;C:/Users/Gouthama/.p2/pool/plugins/org.eclipse.justj.openjdk.hotspot.jre.full.win32.x86_64_14.0.2.v20200815-0932/jre/bin;C:\Windows\system32;C:\Windows;C:\Windows\System32\Wbem;C:\Windows\System32\WindowsPowerShell\v1.0\;C:\Windows\System32\OpenSSH\;C:\Program Files\Git\cmd;C:\Program Files\Git\mingw64\bin;C:\Program Files\Git\usr\bin;C:\Program Files\nodejs\;C:\Users\Gouthama\AppData\Local\Microsoft\WindowsApps;C:\Users\Gouthama\AppData\Local\Programs\Microsoft VS Code\bin;C:\Program Files\Git\bin;C:\Program Files\nodejs;C:\Users\Gouthama\AppData\Roaming\npm;C:\Program Files\MongoDB\Server\4.4\bin;;C:\Windows\system32;
USERNAME=Gouthama
OS=Windows_NT
PROCESSOR_IDENTIFIER=Intel64 Family 6 Model 61 Stepping 4, GenuineIntel



---------------  S Y S T E M  ---------------

OS: Windows 10 , 64 bit Build 17763 (10.0.17763.475)
OS uptime: 2 days 7:40 hours

CPU:total 4 (initial active 4) (2 cores per cpu, 2 threads per core) family 6 model 61 stepping 4, cmov, cx8, fxsr, mmx, sse, sse2, sse3, ssse3, sse4.1, sse4.2, popcnt, avx, avx2, aes, clmul, erms, rtm, 3dnowpref, lzcnt, ht, tsc, tscinvbit, bmi1, bmi2, adx, fma

Memory: 4k page, system-wide physical 8094M (2059M free)
TotalPageFile size 10142M (AvailPageFile size 5M)
current process WorkingSet (physical memory assigned to process): 9M, peak: 9M
current process commit charge ("private bytes"): 12M, peak: 13M

vm_info: OpenJDK 64-Bit Server VM (14.0.2+12-46) for windows-amd64 JRE (14.0.2+12-46), built on Jul  9 2020 00:31:16 by "mach5one" with MS VC++ 15.9 (VS2017)

END.
